<?xml version="1.0" encoding="UTF-8"?>
<!-- Generated by org.testng.reporters.JUnitReportReporter -->
<testsuite skipped="0" hostname="DESKTOP-R33ALFL" name="testNGDataProvider.FlatLoan" tests="6" failures="0" timestamp="2020-11-25T21:55:34 IST" time="0.016" errors="0">
  <testcase name="OldShopLoan" time="0.000" classname="testNGDataProvider.FlatLoan"/>
  <system-out/>
  <testcase name="OldPropertyLoan" time="0.000" classname="testNGDataProvider.FlatLoan"/>
  <system-out/>
  <testcase name="NewPropertyLoan" time="0.000" classname="testNGDataProvider.FlatLoan"/>
  <system-out/>
  <testcase name="AfterClass" time="0.016" classname="testNGDataProvider.FlatLoan"/>
  <system-out/>
  <testcase name="NewShopLoan" time="0.000" classname="testNGDataProvider.FlatLoan"/>
  <system-out/>
  <testcase name="BeforeClass" time="0.000" classname="testNGDataProvider.FlatLoan"/>
  <system-out/>
</testsuite> <!-- testNGDataProvider.FlatLoan -->
