<?xml version="1.0" encoding="UTF-8"?>
<!-- Generated by org.testng.reporters.JUnitReportReporter -->
<testsuite skipped="0" hostname="DESKTOP-R33ALFL" name="testNGConceptAnotation.CarLoan" tests="3" failures="0" timestamp="2020-11-25T17:48:59 IST" time="0.004" errors="0">
  <testcase name="NewCarLoan" time="0.001" classname="testNGConceptAnotation.CarLoan"/>
  <system-out/>
  <testcase name="RentedCarLoan" time="0.001" classname="testNGConceptAnotation.CarLoan"/>
  <system-out/>
  <testcase name="ReselCarLoan" time="0.002" classname="testNGConceptAnotation.CarLoan"/>
  <system-out/>
</testsuite> <!-- testNGConceptAnotation.CarLoan -->
