<?xml version="1.0" encoding="UTF-8"?>
<!-- Generated by org.testng.reporters.JUnitReportReporter -->
<testsuite skipped="0" hostname="DESKTOP-R33ALFL" name="testNGParameterization.TourLoan" tests="4" failures="0" timestamp="2020-11-25T20:12:53 IST" time="0.002" errors="0">
  <testcase name="PayLoan" time="0.000" classname="testNGParameterization.TourLoan"/>
  <system-out/>
  <testcase name="PayRent" time="0.001" classname="testNGParameterization.TourLoan"/>
  <system-out/>
  <testcase name="prerequvisit" time="0.001" classname="testNGParameterization.TourLoan"/>
  <system-out/>
  <testcase name="PayCCBill" time="0.000" classname="testNGParameterization.TourLoan"/>
  <system-out/>
</testsuite> <!-- testNGParameterization.TourLoan -->
