<?xml version="1.0" encoding="UTF-8"?>
<!-- Generated by org.testng.reporters.JUnitReportReporter -->
<testsuite skipped="0" hostname="DESKTOP-R33ALFL" name="testNGDataProvider.TourLoan" tests="4" failures="0" timestamp="2020-11-25T21:55:34 IST" time="0.000" errors="0">
  <testcase name="prerequvisit" time="0.000" classname="testNGDataProvider.TourLoan"/>
  <system-out/>
  <testcase name="PayLoan" time="0.000" classname="testNGDataProvider.TourLoan"/>
  <system-out/>
  <testcase name="PayCCBill" time="0.000" classname="testNGDataProvider.TourLoan"/>
  <system-out/>
  <testcase name="PayRent" time="0.000" classname="testNGDataProvider.TourLoan"/>
  <system-out/>
</testsuite> <!-- testNGDataProvider.TourLoan -->
