<?xml version="1.0" encoding="UTF-8"?>
<!-- Generated by org.testng.reporters.JUnitReportReporter -->
<testsuite skipped="0" hostname="DESKTOP-R33ALFL" name="JavaStreamsandLambda.StringPrint" tests="1" failures="0" timestamp="2020-11-24T15:18:53 IST" time="0.010" errors="0">
  <testcase name="streamFilter" time="0.010" classname="JavaStreamsandLambda.StringPrint"/>
  <system-out/>
</testsuite> <!-- JavaStreamsandLambda.StringPrint -->
