<?xml version="1.0" encoding="UTF-8"?>
<!-- Generated by org.testng.reporters.JUnitReportReporter -->
<testsuite skipped="0" hostname="DESKTOP-R33ALFL" name="testNGConceptAnotation.PersonalLoan" tests="1" failures="0" timestamp="2020-11-25T17:48:59 IST" time="0.006" errors="0">
  <testcase name="PayCCBill" time="0.006" classname="testNGConceptAnotation.PersonalLoan"/>
  <system-out/>
</testsuite> <!-- testNGConceptAnotation.PersonalLoan -->
