<?xml version="1.0" encoding="UTF-8"?>
<!-- Generated by org.testng.reporters.JUnitReportReporter -->
<testsuite skipped="0" hostname="DESKTOP-R33ALFL" name="TestNGConcept.SampleTest" tests="2" failures="0" timestamp="2020-11-25T12:33:38 IST" time="0.010" errors="0">
  <testcase name="demo" time="0.009" classname="TestNGConcept.SampleTest"/>
  <system-out/>
  <testcase name="learning" time="0.001" classname="TestNGConcept.SampleTest"/>
  <system-out/>
</testsuite> <!-- TestNGConcept.SampleTest -->
