<?xml version="1.0" encoding="UTF-8"?>
<!-- Generated by org.testng.reporters.JUnitReportReporter -->
<testsuite skipped="0" hostname="DESKTOP-R33ALFL" name="testNGAnotationsGroups.PersonalLoan" tests="4" failures="0" timestamp="2020-11-25T19:01:11 IST" time="0.013" errors="0">
  <testcase name="PayRent" time="0.002" classname="testNGAnotationsGroups.PersonalLoan"/>
  <system-out/>
  <testcase name="PayCCBill" time="0.009" classname="testNGAnotationsGroups.PersonalLoan"/>
  <system-out/>
  <testcase name="prerequvisit" time="0.001" classname="testNGAnotationsGroups.PersonalLoan"/>
  <system-out/>
  <testcase name="PayLoan" time="0.001" classname="testNGAnotationsGroups.PersonalLoan"/>
  <system-out/>
</testsuite> <!-- testNGAnotationsGroups.PersonalLoan -->
