<?xml version="1.0" encoding="UTF-8"?>
<!-- Generated by org.testng.reporters.JUnitReportReporter -->
<testsuite skipped="1" hostname="DESKTOP-R33ALFL" name="testNGAnotationsGroups.CarLoan" tests="4" failures="0" timestamp="2020-11-25T19:01:11 IST" time="0.003" errors="0">
  <testcase name="NewCarLoan" time="0.001" classname="testNGAnotationsGroups.CarLoan"/>
  <system-out/>
  <testcase name="ReselCarLoan" time="0.001" classname="testNGAnotationsGroups.CarLoan"/>
  <system-out/>
  <testcase name="RentedCarLoan" time="0.001" classname="testNGAnotationsGroups.CarLoan"/>
  <system-out/>
  <testcase name="OldCarLoan" classname="testNGAnotationsGroups.CarLoan">
    <skipped/>
  </testcase> <!-- OldCarLoan -->
  <system-out/>
</testsuite> <!-- testNGAnotationsGroups.CarLoan -->
