<?xml version="1.0" encoding="UTF-8"?>
<!-- Generated by org.testng.reporters.JUnitReportReporter -->
<testsuite skipped="0" hostname="DESKTOP-R33ALFL" name="testNGConceptAnotation.HomeLoan" tests="1" failures="0" timestamp="2020-11-25T17:48:54 IST" time="0.000" errors="0">
  <testcase name="NewShopLoan" time="0.000" classname="testNGConceptAnotation.HomeLoan"/>
  <system-out/>
</testsuite> <!-- testNGConceptAnotation.HomeLoan -->
