<?xml version="1.0" encoding="UTF-8"?>
<!-- Generated by org.testng.reporters.JUnitReportReporter -->
<testsuite skipped="0" hostname="DESKTOP-R33ALFL" name="testNGDataProvider.BikeLoan" tests="6" failures="0" timestamp="2020-11-25T21:55:34 IST" time="0.016" errors="0">
  <testcase name="RentedCarLoan" time="0.000" classname="testNGDataProvider.BikeLoan"/>
  <system-out/>
  <testcase name="RentedCarLoan" time="0.000" classname="testNGDataProvider.BikeLoan"/>
  <system-out/>
  <testcase name="OldCarLoan" time="0.000" classname="testNGDataProvider.BikeLoan"/>
  <system-out/>
  <testcase name="ReselCarLoan" time="0.000" classname="testNGDataProvider.BikeLoan"/>
  <system-out/>
  <testcase name="RentedCarLoan" time="0.000" classname="testNGDataProvider.BikeLoan"/>
  <system-out/>
  <testcase name="NewCarLoan" time="0.016" classname="testNGDataProvider.BikeLoan"/>
  <system-out/>
</testsuite> <!-- testNGDataProvider.BikeLoan -->
