<?xml version="1.0" encoding="UTF-8"?>
<!-- Generated by org.testng.reporters.JUnitReportReporter -->
<testsuite skipped="0" hostname="DESKTOP-R33ALFL" name="testNGAnotationsGroups.HomeLoan" tests="6" failures="0" timestamp="2020-11-25T19:01:11 IST" time="0.007" errors="0">
  <testcase name="AfterClass" time="0.001" classname="testNGAnotationsGroups.HomeLoan"/>
  <system-out/>
  <testcase name="BeforeClass" time="0.001" classname="testNGAnotationsGroups.HomeLoan"/>
  <system-out/>
  <testcase name="OldPropertyLoan" time="0.001" classname="testNGAnotationsGroups.HomeLoan"/>
  <system-out/>
  <testcase name="NewPropertyLoan" time="0.001" classname="testNGAnotationsGroups.HomeLoan"/>
  <system-out/>
  <testcase name="OldShopLoan" time="0.001" classname="testNGAnotationsGroups.HomeLoan"/>
  <system-out/>
  <testcase name="NewShopLoan" time="0.002" classname="testNGAnotationsGroups.HomeLoan"/>
  <system-out/>
</testsuite> <!-- testNGAnotationsGroups.HomeLoan -->
