<?xml version="1.0" encoding="UTF-8"?>
<!-- Generated by org.testng.reporters.JUnitReportReporter -->
<testsuite skipped="0" hostname="DESKTOP-R33ALFL" name="testNGParameterization.BikeLoan" tests="4" failures="0" timestamp="2020-11-25T20:12:53 IST" time="0.010" errors="0">
  <testcase name="OldCarLoan" time="0.001" classname="testNGParameterization.BikeLoan"/>
  <system-out/>
  <testcase name="RentedCarLoan" time="0.001" classname="testNGParameterization.BikeLoan"/>
  <system-out/>
  <testcase name="ReselCarLoan" time="0.001" classname="testNGParameterization.BikeLoan"/>
  <system-out/>
  <testcase name="NewCarLoan" time="0.007" classname="testNGParameterization.BikeLoan"/>
  <system-out/>
</testsuite> <!-- testNGParameterization.BikeLoan -->
