<?xml version="1.0" encoding="UTF-8"?>
<!-- Generated by org.testng.reporters.JUnitReportReporter -->
<testsuite skipped="0" hostname="DESKTOP-R33ALFL" name="testNGParameterization.FlatLoan" tests="6" failures="0" timestamp="2020-11-25T20:12:53 IST" time="0.006" errors="0">
  <testcase name="NewShopLoan" time="0.001" classname="testNGParameterization.FlatLoan"/>
  <system-out/>
  <testcase name="OldShopLoan" time="0.001" classname="testNGParameterization.FlatLoan"/>
  <system-out/>
  <testcase name="BeforeClass" time="0.001" classname="testNGParameterization.FlatLoan"/>
  <system-out/>
  <testcase name="NewPropertyLoan" time="0.001" classname="testNGParameterization.FlatLoan"/>
  <system-out/>
  <testcase name="OldPropertyLoan" time="0.001" classname="testNGParameterization.FlatLoan"/>
  <system-out/>
  <testcase name="AfterClass" time="0.001" classname="testNGParameterization.FlatLoan"/>
  <system-out/>
</testsuite> <!-- testNGParameterization.FlatLoan -->
