<?xml version="1.0" encoding="UTF-8"?>
<!-- Generated by org.testng.reporters.JUnitReportReporter -->
<testsuite skipped="0" hostname="DESKTOP-R33ALFL" name="TestNGConcept.CarLaon" tests="2" failures="0" timestamp="2020-11-25T13:34:39 IST" time="0.016" errors="0">
  <testcase name="OldCarLoan" time="0.000" classname="TestNGConcept.CarLaon"/>
  <system-out/>
  <testcase name="NewCarLoan" time="0.016" classname="TestNGConcept.CarLaon"/>
  <system-out/>
</testsuite> <!-- TestNGConcept.CarLaon -->
