<?xml version="1.0" encoding="UTF-8"?>
<!-- Generated by org.testng.reporters.JUnitReportReporter -->
<testsuite skipped="0" hostname="DESKTOP-R33ALFL" name="TestNGConcept.CarLoan" tests="4" failures="0" timestamp="2020-11-25T17:19:36 IST" time="0.000" errors="0">
  <testcase name="NewCarLoan" time="0.000" classname="TestNGConcept.CarLoan"/>
  <system-out/>
  <testcase name="OldCarLoan" time="0.000" classname="TestNGConcept.CarLoan"/>
  <system-out/>
  <testcase name="ReselCarLoan" time="0.000" classname="TestNGConcept.CarLoan"/>
  <system-out/>
  <testcase name="RentedCarLoan" time="0.000" classname="TestNGConcept.CarLoan"/>
  <system-out/>
</testsuite> <!-- TestNGConcept.CarLoan -->
